Build started 4/19/2019 3:55:15 PM.
     1>Project "I:\GITCODE\Factory_Design_pattern\factory_design\factory_design\factory_design.vcxproj" on node 2 (build target(s)).
     1>InitializeBuildStatus:
         Creating "Debug\factory_design.unsuccessfulbuild" because "AlwaysCreate" was specified.
       ClCompile:
         C:\Program Files\Microsoft Visual Studio 10.0\VC\bin\CL.exe /c /ZI /nologo /W3 /WX- /Od /Oy- /D WIN32 /D _DEBUG /D _CONSOLE /D _UNICODE /D UNICODE /Gm /EHsc /RTC1 /MDd /GS /fp:precise /Zc:wchar_t /Zc:forScope /Yc"StdAfx.h" /Fp"Debug\factory_design.pch" /Fo"Debug\\" /Fd"Debug\vc100.pdb" /Gd /TP /analyze- /errorReport:prompt stdafx.cpp
         stdafx.cpp
         C:\Program Files\Microsoft Visual Studio 10.0\VC\bin\CL.exe /c /ZI /nologo /W3 /WX- /Od /Oy- /D WIN32 /D _DEBUG /D _CONSOLE /D _UNICODE /D UNICODE /Gm /EHsc /RTC1 /MDd /GS /fp:precise /Zc:wchar_t /Zc:forScope /Yu"StdAfx.h" /Fp"Debug\factory_design.pch" /Fo"Debug\\" /Fd"Debug\vc100.pdb" /Gd /TP /analyze- /errorReport:prompt factory_design.cpp
         factory_design.cpp
       ManifestResourceCompile:
         C:\Program Files\Microsoft SDKs\Windows\v7.0A\bin\rc.exe /nologo /fo"Debug\factory_design.exe.embed.manifest.res" Debug\factory_design_manifest.rc 
       Link:
         C:\Program Files\Microsoft Visual Studio 10.0\VC\bin\link.exe /ERRORREPORT:PROMPT /OUT:"I:\GITCODE\Factory_Design_pattern\factory_design\Debug\factory_design.exe" /INCREMENTAL /NOLOGO kernel32.lib user32.lib gdi32.lib winspool.lib comdlg32.lib advapi32.lib shell32.lib ole32.lib oleaut32.lib uuid.lib odbc32.lib odbccp32.lib /MANIFEST /ManifestFile:"Debug\factory_design.exe.intermediate.manifest" /MANIFESTUAC:"level='asInvoker' uiAccess='false'" /DEBUG /PDB:"I:\GITCODE\Factory_Design_pattern\factory_design\Debug\factory_design.pdb" /SUBSYSTEM:CONSOLE /TLBID:1 /DYNAMICBASE /NXCOMPAT /IMPLIB:"I:\GITCODE\Factory_Design_pattern\factory_design\Debug\factory_design.lib" /MACHINE:X86 Debug\factory_design.exe.embed.manifest.res
         Debug\factory_design.obj
         Debug\stdafx.obj
       Manifest:
         C:\Program Files\Microsoft SDKs\Windows\v7.0A\bin\mt.exe /nologo /verbose /out:"Debug\factory_design.exe.embed.manifest" /manifest Debug\factory_design.exe.intermediate.manifest
         C:\Program Files\Microsoft SDKs\Windows\v7.0A\bin\rc.exe /nologo /fo"Debug\factory_design.exe.embed.manifest.res" Debug\factory_design_manifest.rc 
       LinkEmbedManifest:
         C:\Program Files\Microsoft Visual Studio 10.0\VC\bin\link.exe /ERRORREPORT:PROMPT /OUT:"I:\GITCODE\Factory_Design_pattern\factory_design\Debug\factory_design.exe" /INCREMENTAL /NOLOGO kernel32.lib user32.lib gdi32.lib winspool.lib comdlg32.lib advapi32.lib shell32.lib ole32.lib oleaut32.lib uuid.lib odbc32.lib odbccp32.lib /MANIFEST /ManifestFile:"Debug\factory_design.exe.intermediate.manifest" /MANIFESTUAC:"level='asInvoker' uiAccess='false'" /DEBUG /PDB:"I:\GITCODE\Factory_Design_pattern\factory_design\Debug\factory_design.pdb" /SUBSYSTEM:CONSOLE /TLBID:1 /DYNAMICBASE /NXCOMPAT /IMPLIB:"I:\GITCODE\Factory_Design_pattern\factory_design\Debug\factory_design.lib" /MACHINE:X86 Debug\factory_design.exe.embed.manifest.res
         Debug\factory_design.obj
         Debug\stdafx.obj
         factory_design.vcxproj -> I:\GITCODE\Factory_Design_pattern\factory_design\Debug\factory_design.exe
       FinalizeBuildStatus:
         Deleting file "Debug\factory_design.unsuccessfulbuild".
         Touching "Debug\factory_design.lastbuildstate".
     1>Done Building Project "I:\GITCODE\Factory_Design_pattern\factory_design\factory_design\factory_design.vcxproj" (build target(s)).

Build succeeded.

Time Elapsed 00:00:03.75
